"2024-10-05 00:06:14,896 INFO  [restartedMain] com.tpe.backendproject.InitialWork.InitialWorkApplication:Starting InitialWorkApplication using Java 20.0.2 on Mustafas-MacBook-Pro.local with PID 90969 (/Users/mustafaoren/Desktop/Techpro education/InitialWork/target/classes started by mustafaoren in /Users/mustafaoren/Desktop/Techpro education/InitialWork)
""2024-10-05 00:06:14,901 INFO  [restartedMain] com.tpe.backendproject.InitialWork.InitialWorkApplication:No active profile set, falling back to 1 default profile: "default"
""2024-10-05 00:06:14,935 INFO  [restartedMain] org.springframework.boot.devtools.env.DevToolsPropertyDefaultsPostProcessor:Devtools property defaults active! Set 'spring.devtools.add-properties' to 'false' to disable
""2024-10-05 00:06:14,935 INFO  [restartedMain] org.springframework.boot.devtools.env.DevToolsPropertyDefaultsPostProcessor:For additional web related logging consider setting the 'logging.level.web' property to 'DEBUG'
""2024-10-05 00:06:17,165 INFO  [restartedMain] org.springframework.data.repository.config.RepositoryConfigurationDelegate:Bootstrapping Spring Data JPA repositories in DEFAULT mode.
""2024-10-05 00:06:17,187 INFO  [restartedMain] org.springframework.data.repository.config.RepositoryConfigurationDelegate:Finished Spring Data repository scanning in 18 ms. Found 1 JPA repository interfaces.
""2024-10-05 00:06:17,490 INFO  [restartedMain] org.springframework.boot.web.embedded.tomcat.TomcatWebServer:Tomcat initialized with port(s): 8080 (http)
""2024-10-05 00:06:17,497 INFO  [restartedMain] org.apache.catalina.core.StandardService:Starting service [Tomcat]
""2024-10-05 00:06:17,499 INFO  [restartedMain] org.apache.catalina.core.StandardEngine:Starting Servlet engine: [Apache Tomcat/9.0.68]
""2024-10-05 00:06:17,535 INFO  [restartedMain] org.apache.catalina.core.ContainerBase.[Tomcat].[localhost].[/]:Initializing Spring embedded WebApplicationContext
""2024-10-05 00:06:17,535 INFO  [restartedMain] org.springframework.boot.web.servlet.context.ServletWebServerApplicationContext:Root WebApplicationContext: initialization completed in 2600 ms
""2024-10-05 00:06:17,606 INFO  [restartedMain] org.hibernate.jpa.internal.util.LogHelper:HHH000204: Processing PersistenceUnitInfo [name: default]
""2024-10-05 00:06:17,637 INFO  [restartedMain] org.hibernate.Version:HHH000412: Hibernate ORM core version 5.6.12.Final
""2024-10-05 00:06:17,715 INFO  [restartedMain] org.hibernate.annotations.common.Version:HCANN000001: Hibernate Commons Annotations {5.1.2.Final}
""2024-10-05 00:06:17,766 INFO  [restartedMain] com.zaxxer.hikari.HikariDataSource:HikariPool-1 - Starting...
""2024-10-05 00:06:17,880 INFO  [restartedMain] com.zaxxer.hikari.HikariDataSource:HikariPool-1 - Start completed.
""2024-10-05 00:06:17,887 INFO  [restartedMain] org.hibernate.dialect.Dialect:HHH000400: Using dialect: org.hibernate.dialect.PostgreSQL81Dialect
""2024-10-05 00:06:18,349 INFO  [restartedMain] org.hibernate.engine.transaction.jta.platform.internal.JtaPlatformInitiator:HHH000490: Using JtaPlatform implementation: [org.hibernate.engine.transaction.jta.platform.internal.NoJtaPlatform]
""2024-10-05 00:06:18,353 INFO  [restartedMain] org.springframework.orm.jpa.LocalContainerEntityManagerFactoryBean:Initialized JPA EntityManagerFactory for persistence unit 'default'
""2024-10-05 00:06:18,648 INFO  [restartedMain] org.springframework.boot.devtools.autoconfigure.OptionalLiveReloadServer:LiveReload server is running on port 35729
""2024-10-05 00:06:18,660 INFO  [restartedMain] org.springframework.boot.web.embedded.tomcat.TomcatWebServer:Tomcat started on port(s): 8080 (http) with context path ''
""2024-10-05 00:06:18,666 INFO  [restartedMain] com.tpe.backendproject.InitialWork.InitialWorkApplication:Started InitialWorkApplication in 4.594 seconds (JVM running for 5.558)
""2024-10-05 00:07:44,310 INFO  [http-nio-8080-exec-2] org.apache.catalina.core.ContainerBase.[Tomcat].[localhost].[/]:Initializing Spring DispatcherServlet 'dispatcherServlet'
""2024-10-05 00:07:53,115 INFO  [SpringApplicationShutdownHook] org.springframework.orm.jpa.LocalContainerEntityManagerFactoryBean:Closing JPA EntityManagerFactory for persistence unit 'default'
""2024-10-05 00:07:53,120 INFO  [SpringApplicationShutdownHook] com.zaxxer.hikari.HikariDataSource:HikariPool-1 - Shutdown initiated...
""2024-10-05 00:07:53,123 INFO  [SpringApplicationShutdownHook] com.zaxxer.hikari.HikariDataSource:HikariPool-1 - Shutdown completed.
"